<?xml version="1.0" encoding="UTF-8"?>
<!-- Generated by org.testng.reporters.JUnitReportReporter -->
<testsuite skipped="0" hostname="T460" name="tests.HFTests" tests="6" failures="0" timestamp="29 Mar 2020 11:04:08 GMT" time="313.077" errors="0">
  <testcase name="signInTest" time="73.732" classname="tests.HFTests"/>
  <testcase name="signInTest" time="47.476" classname="tests.HFTests"/>
  <testcase name="logInTest" time="67.161" classname="tests.HFTests"/>
  <testcase name="logInTest" time="35.333" classname="tests.HFTests"/>
  <testcase name="checkoutTest" time="43.667" classname="tests.HFTests"/>
  <testcase name="checkoutTest" time="45.708" classname="tests.HFTests"/>
</testsuite> <!-- tests.HFTests -->
